{"/Users/christian.torres/Projects/interview-ti/exercise1.js": {"path":"/Users/christian.torres/Projects/interview-ti/exercise1.js","all":false,"statementMap":{"0":{"start":{"line":1,"column":0},"end":{"line":1,"column":3}},"1":{"start":{"line":2,"column":0},"end":{"line":2,"column":91}},"2":{"start":{"line":3,"column":0},"end":{"line":3,"column":0}},"3":{"start":{"line":4,"column":0},"end":{"line":4,"column":65}},"4":{"start":{"line":5,"column":0},"end":{"line":5,"column":68}},"5":{"start":{"line":6,"column":0},"end":{"line":6,"column":71}},"6":{"start":{"line":7,"column":0},"end":{"line":7,"column":74}},"7":{"start":{"line":8,"column":0},"end":{"line":8,"column":2}},"8":{"start":{"line":9,"column":0},"end":{"line":9,"column":0}},"9":{"start":{"line":10,"column":0},"end":{"line":10,"column":3}},"10":{"start":{"line":11,"column":0},"end":{"line":11,"column":31}},"11":{"start":{"line":12,"column":0},"end":{"line":12,"column":71}},"12":{"start":{"line":13,"column":0},"end":{"line":13,"column":110}},"13":{"start":{"line":14,"column":0},"end":{"line":14,"column":3}},"14":{"start":{"line":15,"column":0},"end":{"line":15,"column":19}},"15":{"start":{"line":16,"column":0},"end":{"line":16,"column":18}},"16":{"start":{"line":17,"column":0},"end":{"line":17,"column":4}},"17":{"start":{"line":18,"column":0},"end":{"line":18,"column":25}},"18":{"start":{"line":19,"column":0},"end":{"line":19,"column":40}},"19":{"start":{"line":20,"column":0},"end":{"line":20,"column":23}},"20":{"start":{"line":21,"column":0},"end":{"line":21,"column":16}},"21":{"start":{"line":22,"column":0},"end":{"line":22,"column":25}},"22":{"start":{"line":23,"column":0},"end":{"line":23,"column":25}},"23":{"start":{"line":24,"column":0},"end":{"line":24,"column":9}},"24":{"start":{"line":25,"column":0},"end":{"line":25,"column":5}},"25":{"start":{"line":26,"column":0},"end":{"line":26,"column":4}},"26":{"start":{"line":27,"column":0},"end":{"line":27,"column":22}},"27":{"start":{"line":28,"column":0},"end":{"line":28,"column":1}},"28":{"start":{"line":29,"column":0},"end":{"line":29,"column":0}},"29":{"start":{"line":30,"column":0},"end":{"line":30,"column":21}}},"s":{"0":1,"1":1,"2":1,"3":1,"4":1,"5":1,"6":1,"7":1,"8":1,"9":1,"10":1,"11":1,"12":1,"13":1,"14":5,"15":5,"16":5,"17":5,"18":17,"19":5,"20":17,"21":12,"22":12,"23":12,"24":17,"25":5,"26":5,"27":5,"28":1,"29":1},"branchMap":{"0":{"type":"branch","line":15,"loc":{"start":{"line":15,"column":0},"end":{"line":28,"column":1}},"locations":[{"start":{"line":15,"column":0},"end":{"line":28,"column":1}}]},"1":{"type":"branch","line":18,"loc":{"start":{"line":18,"column":4},"end":{"line":25,"column":5}},"locations":[{"start":{"line":18,"column":4},"end":{"line":25,"column":5}}]},"2":{"type":"branch","line":19,"loc":{"start":{"line":19,"column":39},"end":{"line":21,"column":15}},"locations":[{"start":{"line":19,"column":39},"end":{"line":21,"column":15}}]},"3":{"type":"branch","line":21,"loc":{"start":{"line":21,"column":9},"end":{"line":24,"column":9}},"locations":[{"start":{"line":21,"column":9},"end":{"line":24,"column":9}}]}},"b":{"0":[5],"1":[17],"2":[5],"3":[12]},"fnMap":{"0":{"name":"sum","decl":{"start":{"line":15,"column":0},"end":{"line":28,"column":1}},"loc":{"start":{"line":15,"column":0},"end":{"line":28,"column":1}},"line":15},"1":{"name":"inner","decl":{"start":{"line":18,"column":4},"end":{"line":25,"column":5}},"loc":{"start":{"line":18,"column":4},"end":{"line":25,"column":5}},"line":18}},"f":{"0":5,"1":17}}
,"/Users/christian.torres/Projects/interview-ti/exercise3.js": {"path":"/Users/christian.torres/Projects/interview-ti/exercise3.js","all":false,"statementMap":{"0":{"start":{"line":1,"column":0},"end":{"line":1,"column":3}},"1":{"start":{"line":2,"column":0},"end":{"line":2,"column":22}},"2":{"start":{"line":3,"column":0},"end":{"line":3,"column":0}},"3":{"start":{"line":4,"column":0},"end":{"line":4,"column":49}},"4":{"start":{"line":5,"column":0},"end":{"line":5,"column":49}},"5":{"start":{"line":6,"column":0},"end":{"line":6,"column":54}},"6":{"start":{"line":7,"column":0},"end":{"line":7,"column":78}},"7":{"start":{"line":8,"column":0},"end":{"line":8,"column":112}},"8":{"start":{"line":9,"column":0},"end":{"line":9,"column":56}},"9":{"start":{"line":10,"column":0},"end":{"line":10,"column":2}},"10":{"start":{"line":11,"column":0},"end":{"line":11,"column":0}},"11":{"start":{"line":12,"column":0},"end":{"line":12,"column":3}},"12":{"start":{"line":13,"column":0},"end":{"line":13,"column":41}},"13":{"start":{"line":14,"column":0},"end":{"line":14,"column":48}},"14":{"start":{"line":15,"column":0},"end":{"line":15,"column":43}},"15":{"start":{"line":16,"column":0},"end":{"line":16,"column":3}},"16":{"start":{"line":17,"column":0},"end":{"line":17,"column":34}},"17":{"start":{"line":18,"column":0},"end":{"line":18,"column":50}},"18":{"start":{"line":19,"column":0},"end":{"line":19,"column":50}},"19":{"start":{"line":20,"column":0},"end":{"line":20,"column":78}},"20":{"start":{"line":21,"column":0},"end":{"line":21,"column":17}},"21":{"start":{"line":22,"column":0},"end":{"line":22,"column":48}},"22":{"start":{"line":23,"column":0},"end":{"line":23,"column":0}},"23":{"start":{"line":24,"column":0},"end":{"line":24,"column":88}},"24":{"start":{"line":25,"column":0},"end":{"line":25,"column":0}},"25":{"start":{"line":26,"column":0},"end":{"line":26,"column":36}}},"s":{"0":1,"1":1,"2":1,"3":1,"4":1,"5":1,"6":1,"7":1,"8":1,"9":1,"10":1,"11":1,"12":1,"13":1,"14":1,"15":1,"16":1,"17":21,"18":37,"19":17,"20":17,"21":1,"22":1,"23":1,"24":1,"25":1},"branchMap":{"0":{"type":"branch","line":17,"loc":{"start":{"line":17,"column":18},"end":{"line":22,"column":7}},"locations":[{"start":{"line":17,"column":18},"end":{"line":22,"column":7}}]},"1":{"type":"branch","line":22,"loc":{"start":{"line":22,"column":7},"end":{"line":22,"column":24}},"locations":[{"start":{"line":22,"column":7},"end":{"line":22,"column":24}}]},"2":{"type":"branch","line":22,"loc":{"start":{"line":22,"column":7},"end":{"line":22,"column":48}},"locations":[{"start":{"line":22,"column":7},"end":{"line":22,"column":48}}]},"3":{"type":"branch","line":18,"loc":{"start":{"line":18,"column":34},"end":{"line":22,"column":7}},"locations":[{"start":{"line":18,"column":34},"end":{"line":22,"column":7}}]},"4":{"type":"branch","line":19,"loc":{"start":{"line":19,"column":41},"end":{"line":19,"column":48}},"locations":[{"start":{"line":19,"column":41},"end":{"line":19,"column":48}}]},"5":{"type":"branch","line":19,"loc":{"start":{"line":19,"column":41},"end":{"line":22,"column":7}},"locations":[{"start":{"line":19,"column":41},"end":{"line":22,"column":7}}]},"6":{"type":"branch","line":20,"loc":{"start":{"line":20,"column":40},"end":{"line":20,"column":53}},"locations":[{"start":{"line":20,"column":40},"end":{"line":20,"column":53}}]},"7":{"type":"branch","line":20,"loc":{"start":{"line":20,"column":59},"end":{"line":20,"column":70}},"locations":[{"start":{"line":20,"column":59},"end":{"line":20,"column":70}}]},"8":{"type":"branch","line":24,"loc":{"start":{"line":24,"column":28},"end":{"line":24,"column":55}},"locations":[{"start":{"line":24,"column":28},"end":{"line":24,"column":55}}]}},"b":{"0":[21],"1":[9],"2":[12],"3":[37],"4":[20],"5":[17],"6":[15],"7":[8],"8":[4]},"fnMap":{"0":{"name":"getPathes","decl":{"start":{"line":17,"column":18},"end":{"line":22,"column":7}},"loc":{"start":{"line":17,"column":18},"end":{"line":22,"column":7}},"line":17},"1":{"name":"extractValuesForKey","decl":{"start":{"line":24,"column":28},"end":{"line":24,"column":55}},"loc":{"start":{"line":24,"column":28},"end":{"line":24,"column":55}},"line":24}},"f":{"0":21,"1":4}}
}
