TN:
SF:exercise1.js
FN:15,sum
FN:18,inner
FNF:2
FNH:2
FNDA:5,sum
FNDA:17,inner
DA:1,1
DA:2,1
DA:3,1
DA:4,1
DA:5,1
DA:6,1
DA:7,1
DA:8,1
DA:9,1
DA:10,1
DA:11,1
DA:12,1
DA:13,1
DA:14,1
DA:15,5
DA:16,5
DA:17,5
DA:18,5
DA:19,17
DA:20,5
DA:21,17
DA:22,12
DA:23,12
DA:24,12
DA:25,17
DA:26,5
DA:27,5
DA:28,5
DA:29,1
DA:30,1
LF:30
LH:30
BRDA:15,0,0,5
BRDA:18,1,0,17
BRDA:19,2,0,5
BRDA:21,3,0,12
BRF:4
BRH:4
end_of_record
TN:
SF:exercise3.js
FN:17,getPathes
FN:24,extractValuesForKey
FNF:2
FNH:2
FNDA:21,getPathes
FNDA:4,extractValuesForKey
DA:1,1
DA:2,1
DA:3,1
DA:4,1
DA:5,1
DA:6,1
DA:7,1
DA:8,1
DA:9,1
DA:10,1
DA:11,1
DA:12,1
DA:13,1
DA:14,1
DA:15,1
DA:16,1
DA:17,1
DA:18,21
DA:19,37
DA:20,17
DA:21,17
DA:22,1
DA:23,1
DA:24,1
DA:25,1
DA:26,1
LF:26
LH:26
BRDA:17,0,0,21
BRDA:22,1,0,9
BRDA:22,2,0,12
BRDA:18,3,0,37
BRDA:19,4,0,20
BRDA:19,5,0,17
BRDA:20,6,0,15
BRDA:20,7,0,8
BRDA:24,8,0,4
BRF:9
BRH:9
end_of_record
